<?xml version="1.0" encoding="UTF-8"?>
<!-- Generated by org.testng.reporters.JUnitXMLReporter -->
<testsuite hostname="vinayrentals8" ignored="0" name="Default test" tests="4" failures="0" timestamp="12 May 2017 05:36:11 GMT" time="31.031" errors="0">
  <testcase name="createOpportunitywithoutAccountandContact" time="5.244" classname="com.crm.testscripts.OpportunitiesScipts"/>
  <testcase name="createOpportunitywithAccountandwithoutContact" time="7.703" classname="com.crm.testscripts.OpportunitiesScipts"/>
  <testcase name="createOpportunitywithAccountandContact" time="4.86" classname="com.crm.testscripts.OpportunitiesScipts"/>
  <testcase name="createOpportunitywithoutAccountandwithContact" time="4.62" classname="com.crm.testscripts.OpportunitiesScipts"/>
</testsuite> <!-- Default test -->
