<?xml version="1.0" encoding="UTF-8"?>
<testng-results skipped="0" failed="0" ignored="0" total="4" passed="4">
  <reporter-output>
  </reporter-output>
  <suite name="Default suite" duration-ms="31031" started-at="2017-05-12T05:35:40Z" finished-at="2017-05-12T05:36:11Z">
    <groups>
    </groups>
    <test name="Default test" duration-ms="31031" started-at="2017-05-12T05:35:40Z" finished-at="2017-05-12T05:36:11Z">
      <class name="com.crm.testscripts.OpportunitiesScipts">
        <test-method status="PASS" signature="init()[pri:0, instance:com.crm.testscripts.OpportunitiesScipts@91161c7]" name="init" is-config="true" duration-ms="8568" started-at="2017-05-12T11:05:40Z" finished-at="2017-05-12T11:05:48Z">
          <reporter-output>
          </reporter-output>
        </test-method> <!-- init -->
        <test-method status="PASS" signature="createOpportunitywithoutAccountandContact()[pri:0, instance:com.crm.testscripts.OpportunitiesScipts@91161c7]" name="createOpportunitywithoutAccountandContact" duration-ms="5244" started-at="2017-05-12T11:05:48Z" description="Check the Create Opportunity functionality without Account &amp; Contact details." finished-at="2017-05-12T11:05:54Z">
          <reporter-output>
          </reporter-output>
        </test-method> <!-- createOpportunitywithoutAccountandContact -->
        <test-method status="PASS" signature="createOpportunitywithAccountandwithoutContact()[pri:1, instance:com.crm.testscripts.OpportunitiesScipts@91161c7]" name="createOpportunitywithAccountandwithoutContact" duration-ms="7703" started-at="2017-05-12T11:05:54Z" description="Check the Create Opportunity functionality without Account &amp; Contact details." finished-at="2017-05-12T11:06:01Z">
          <reporter-output>
          </reporter-output>
        </test-method> <!-- createOpportunitywithAccountandwithoutContact -->
        <test-method status="PASS" signature="createOpportunitywithAccountandContact()[pri:2, instance:com.crm.testscripts.OpportunitiesScipts@91161c7]" name="createOpportunitywithAccountandContact" duration-ms="4860" started-at="2017-05-12T11:06:01Z" description="Check the Create Opportunity functionality without Account &amp; Contact details." finished-at="2017-05-12T11:06:06Z">
          <reporter-output>
          </reporter-output>
        </test-method> <!-- createOpportunitywithAccountandContact -->
        <test-method status="PASS" signature="createOpportunitywithoutAccountandwithContact()[pri:2, instance:com.crm.testscripts.OpportunitiesScipts@91161c7]" name="createOpportunitywithoutAccountandwithContact" duration-ms="4620" started-at="2017-05-12T11:06:06Z" description="Check the Create Opportunity functionality without Account &amp; Contact details." finished-at="2017-05-12T11:06:11Z">
          <reporter-output>
          </reporter-output>
        </test-method> <!-- createOpportunitywithoutAccountandwithContact -->
      </class> <!-- com.crm.testscripts.OpportunitiesScipts -->
    </test> <!-- Default test -->
  </suite> <!-- Default suite -->
</testng-results>
